<?xml version="1.0" encoding="UTF-8"?>
<testsuite xmlns:xsi="http://www.w3.org/2001/XMLSchema-instance" xsi:noNamespaceSchemaLocation="https://maven.apache.org/surefire/maven-surefire-plugin/xsd/surefire-test-report-3.0.xsd" version="3.0" name="com.nasmanager.service.RawImagePreviewServiceTest" time="0.296" tests="2" errors="0" skipped="0" failures="0">
  <properties>
[...]
</properties>
  <testcase name="testIsRawImage" classname="com.nasmanager.service.RawImagePreviewServiceTest" time="0.044"/>
  <testcase name="testExtractPreviewJpegFromEmbeddedRawFile(Path)" classname="com.nasmanager.service.RawImagePreviewServiceTest" time="0.242">
    <system-out><![CDATA[15:11:04.076 [main] INFO com.nasmanager.service.RawImagePreviewService -- Successfully extracted embedded JPEG preview (1617 bytes) from RAW file: test_camera_photo.CR2
]]></system-out>
  </testcase>
</testsuite>